PLINK v1.90b6.21 64-bit (19 Oct 2020)
Options in effect:
  --allow-no-sex
  --assoc fisher counts
  --ci 0.95
  --const-fid 0
  --out eppk1
  --pheno /output_data/MS_gwas_data/pheno_resist_plink.txt
  --vcf eppk1.vcf.gz
  --vcf-half-call r

Hostname: 2473272a7fda
Working directory: /root/COVID-GWAS/regenie_candidates/eppk1
Start time: Fri Aug 27 13:26:58 2021

Random number seed: 1630063618
644631 MB RAM detected; reserving 322315 MB for main workspace.
--vcf: eppk1-temporary.bed + eppk1-temporary.bim + eppk1-temporary.fam written.
561 variants loaded from .bim file.
1233 people (0 males, 0 females, 1233 ambiguous) loaded from .fam.
Ambiguous sex IDs written to eppk1.nosex .
1125 phenotype values present after --pheno.
Using 1 thread (no multithreaded calculations invoked).
Before main variant filters, 1233 founders and 0 nonfounders present.
Calculating allele frequencies... done.
Total genotyping rate is 0.970566.
561 variants and 1233 people pass filters and QC.
Among remaining phenotypes, 305 are cases and 820 are controls.  (108
phenotypes are missing.)
Writing C/C --assoc report to eppk1.assoc.fisher ... done.

End time: Fri Aug 27 13:26:58 2021
